  [4;36;1mSQL (0.1ms)[0m   [0;1mSET SQL_AUTO_IS_NULL=0[0m
  [4;35;1mSQL (0.2ms)[0m   [0mSHOW TABLES[0m
  [4;36;1mSQL (7.4ms)[0m   [0;1mCREATE TABLE `schema_migrations` (`version` varchar(255) NOT NULL) ENGINE=InnoDB[0m
  [4;35;1mSQL (46.2ms)[0m   [0mCREATE UNIQUE INDEX `unique_schema_migrations` ON `schema_migrations` (`version`)[0m
  [4;36;1mSQL (0.3ms)[0m   [0;1mSHOW TABLES[0m
  [4;35;1mSQL (0.3ms)[0m   [0mSELECT version FROM schema_migrations[0m
Migrating to CreateAuthors (20090821004746)
  [4;36;1mSQL (4.3ms)[0m   [0;1mCREATE TABLE `authors` (`id` int(11) DEFAULT NULL auto_increment PRIMARY KEY, `name` varchar(255), `created_at` datetime, `updated_at` datetime) ENGINE=InnoDB[0m
  [4;35;1mSQL (0.6ms)[0m   [0mINSERT INTO schema_migrations (version) VALUES ('20090821004746')[0m
Migrating to CreateBooks (20090821004805)
  [4;36;1mSQL (2.8ms)[0m   [0;1mCREATE TABLE `books` (`id` int(11) DEFAULT NULL auto_increment PRIMARY KEY, `name` varchar(255), `author_id` int(11), `created_at` datetime, `updated_at` datetime) ENGINE=InnoDB[0m
  [4;35;1mSQL (0.5ms)[0m   [0mINSERT INTO schema_migrations (version) VALUES ('20090821004805')[0m
Migrating to CreateUsers (20090821004822)
  [4;36;1mSQL (4.1ms)[0m   [0;1mCREATE TABLE `users` (`id` int(11) DEFAULT NULL auto_increment PRIMARY KEY, `name` varchar(255), `author_id` int(11), `book_id` int(11), `created_at` datetime, `updated_at` datetime) ENGINE=InnoDB[0m
  [4;35;1mSQL (0.6ms)[0m   [0mINSERT INTO schema_migrations (version) VALUES ('20090821004822')[0m
  [4;36;1mSQL (0.5ms)[0m   [0;1mSHOW TABLES[0m
  [4;35;1mSQL (0.3ms)[0m   [0mSELECT version FROM schema_migrations[0m
  [4;36;1mSQL (0.3ms)[0m   [0;1mSHOW TABLES[0m
  [4;35;1mSQL (1.4ms)[0m   [0mSHOW FIELDS FROM `authors`[0m
  [4;36;1mSQL (1.1ms)[0m   [0;1mdescribe `authors`[0m
  [4;35;1mSQL (0.4ms)[0m   [0mSHOW KEYS FROM `authors`[0m
  [4;36;1mSQL (1.3ms)[0m   [0;1mSHOW FIELDS FROM `books`[0m
  [4;35;1mSQL (1.3ms)[0m   [0mdescribe `books`[0m
  [4;36;1mSQL (0.4ms)[0m   [0;1mSHOW KEYS FROM `books`[0m
  [4;35;1mSQL (1.4ms)[0m   [0mSHOW FIELDS FROM `users`[0m
  [4;36;1mSQL (2.1ms)[0m   [0;1mdescribe `users`[0m
  [4;35;1mSQL (0.5ms)[0m   [0mSHOW KEYS FROM `users`[0m
  [4;36;1mSQL (0.1ms)[0m   [0;1mSET SQL_AUTO_IS_NULL=0[0m


Processing ActionController::Base#index (for 127.0.0.1 at 2009-08-20 19:53:42) [GET]

TypeError (wrong argument type Class (expected Module)):
  app/controllers/application_controller.rb:5
  app/controllers/users_controller.rb:1

Rendered rescues/_trace (90.5ms)
Rendered rescues/_request_and_response (1.6ms)
Rendering rescues/layout (internal_server_error)
  [4;35;1mSQL (0.1ms)[0m   [0mSET SQL_AUTO_IS_NULL=0[0m
  [4;36;1mUser Columns (0.7ms)[0m   [0;1mSHOW FIELDS FROM `users`[0m
  [4;35;1mAuthor Columns (0.6ms)[0m   [0mSHOW FIELDS FROM `authors`[0m
  [4;36;1mBook Columns (0.9ms)[0m   [0;1mSHOW FIELDS FROM `books`[0m


Processing UsersController#index (for 127.0.0.1 at 2009-08-20 19:54:00) [GET]
  [4;35;1mSQL (0.5ms)[0m   [0mSELECT count(DISTINCT `users`.id) AS count_all FROM `users` LEFT OUTER JOIN `authors` ON `authors`.id = `users`.author_id LEFT OUTER JOIN `books` ON `books`.id = `users`.book_id [0m
  [4;36;1mUser Load (0.4ms)[0m   [0;1mSELECT `users`.* FROM `users` ORDER BY users.`id` ASC LIMIT 0, 15[0m
  [4;35;1mCACHE (0.0ms)[0m   [0mSELECT `users`.* FROM `users` ORDER BY users.`id` ASC LIMIT 0, 15[0m
Rendering list
Rendered _list_header (76.9ms)
Rendered _list_column_headings (8.0ms)
Rendered _messages (1.1ms)
Rendered _list (18.6ms)
Completed in 167ms (View: 125, DB: 3) | 200 OK [http://localhost/users]
  [4;36;1mSQL (0.1ms)[0m   [0;1mSET SQL_AUTO_IS_NULL=0[0m
  [4;35;1mUser Columns (1.2ms)[0m   [0mSHOW FIELDS FROM `users`[0m
  [4;36;1mAuthor Columns (0.9ms)[0m   [0;1mSHOW FIELDS FROM `authors`[0m
  [4;35;1mBook Columns (0.9ms)[0m   [0mSHOW FIELDS FROM `books`[0m


Processing UsersController#index (for 127.0.0.1 at 2009-08-20 19:55:33) [GET]
  [4;36;1mSQL (0.1ms)[0m   [0;1mSELECT count(DISTINCT `users`.id) AS count_all FROM `users` LEFT OUTER JOIN `authors` ON `authors`.id = `users`.author_id LEFT OUTER JOIN `books` ON `books`.id = `users`.book_id [0m
  [4;35;1mUser Load (0.1ms)[0m   [0mSELECT `users`.* FROM `users` ORDER BY users.`id` ASC LIMIT 0, 15[0m
  [4;36;1mCACHE (0.0ms)[0m   [0;1mSELECT `users`.* FROM `users` ORDER BY users.`id` ASC LIMIT 0, 15[0m
Rendering template within layouts/main
Rendering list
Rendered _list_header (3.2ms)
Rendered _list_column_headings (7.7ms)
Rendered _messages (1.0ms)
Rendered _list (17.5ms)
Completed in 50ms (View: 43, DB: 3) | 200 OK [http://localhost/users]
  [4;35;1mSQL (0.1ms)[0m   [0mSET SQL_AUTO_IS_NULL=0[0m
  [4;36;1mUser Columns (0.7ms)[0m   [0;1mSHOW FIELDS FROM `users`[0m
  [4;35;1mAuthor Columns (0.6ms)[0m   [0mSHOW FIELDS FROM `authors`[0m
  [4;36;1mBook Columns (0.6ms)[0m   [0;1mSHOW FIELDS FROM `books`[0m


Processing UsersController#new (for 127.0.0.1 at 2009-08-20 19:55:35) [GET]
  Parameters: {"adapter"=>"_list_inline_adapter"}
  [4;35;1mAuthor Load (0.3ms)[0m   [0mSELECT * FROM `authors` [0m
Rendered _form_attribute (2.8ms)
  [4;36;1mBook Load (0.2ms)[0m   [0;1mSELECT * FROM `books` WHERE ((`books`.`author_id` IS NULL)) [0m
Rendered _form_attribute (1.5ms)
Rendered _form_attribute (0.7ms)
Rendered _form (11.8ms)
Rendered _create_form (20.1ms)
Rendered _messages (1.0ms)
Rendered _list_inline_adapter (5.8ms)
Completed in 41ms (View: 9, DB: 0) | 200 OK [http://localhost/users/new?_method=get&adapter=_list_inline_adapter]
  [4;35;1mSQL (0.2ms)[0m   [0mSET SQL_AUTO_IS_NULL=0[0m
  [4;36;1mBook Columns (1.6ms)[0m   [0;1mSHOW FIELDS FROM `books`[0m
  [4;35;1mAuthor Columns (1.6ms)[0m   [0mSHOW FIELDS FROM `authors`[0m


Processing BooksController#index (for 127.0.0.1 at 2009-08-20 19:55:40) [GET]
  [4;36;1mSQL (0.3ms)[0m   [0;1mSELECT count(DISTINCT `books`.id) AS count_all FROM `books` LEFT OUTER JOIN `authors` ON `authors`.id = `books`.author_id [0m
  [4;35;1mBook Load (0.1ms)[0m   [0mSELECT `books`.* FROM `books` ORDER BY books.`id` ASC LIMIT 0, 15[0m
  [4;36;1mCACHE (0.0ms)[0m   [0;1mSELECT `books`.* FROM `books` ORDER BY books.`id` ASC LIMIT 0, 15[0m
Rendering template within layouts/main
Rendering list
Rendered _list_header (3.4ms)
Rendered _list_column_headings (7.6ms)
Rendered _messages (1.1ms)
Rendered _list (18.5ms)
Completed in 48ms (View: 43, DB: 4) | 200 OK [http://localhost/books]
  [4;35;1mSQL (0.1ms)[0m   [0mSET SQL_AUTO_IS_NULL=0[0m
  [4;36;1mBook Columns (1.3ms)[0m   [0;1mSHOW FIELDS FROM `books`[0m
  [4;35;1mAuthor Columns (1.1ms)[0m   [0mSHOW FIELDS FROM `authors`[0m


Processing BooksController#new (for 127.0.0.1 at 2009-08-20 19:55:42) [GET]
  Parameters: {"adapter"=>"_list_inline_adapter"}
Rendered _horizontal_subform_header (1.9ms)
Rendered _form_attribute (1.8ms)
Rendered _horizontal_subform_record (8.1ms)
  [4;36;1mSQL (0.3ms)[0m   [0;1mSELECT count(*) AS count_all FROM `authors` [0m
Rendered _form_association_footer (4.7ms)
Rendered _horizontal_subform (88.4ms)
Rendered _form_association (94.4ms)
Rendered _form_attribute (1.5ms)
Rendered _form (103.0ms)
Rendered _create_form (111.0ms)
Rendered _messages (1.0ms)
Rendered _list_inline_adapter (5.5ms)
Completed in 131ms (View: 8, DB: 0) | 200 OK [http://localhost/books/new?_method=get&adapter=_list_inline_adapter]
  [4;35;1mSQL (0.1ms)[0m   [0mSET SQL_AUTO_IS_NULL=0[0m
  [4;36;1mAuthor Columns (0.7ms)[0m   [0;1mSHOW FIELDS FROM `authors`[0m


Processing AuthorsController#index (for 127.0.0.1 at 2009-08-20 19:55:48) [GET]
  [4;35;1mSQL (0.1ms)[0m   [0mSELECT count(*) AS count_all FROM `authors` [0m
  [4;36;1mAuthor Load (0.3ms)[0m   [0;1mSELECT `authors`.* FROM `authors` ORDER BY authors.`id` ASC LIMIT 0, 15[0m
  [4;35;1mCACHE (0.0ms)[0m   [0mSELECT `authors`.* FROM `authors` ORDER BY authors.`id` ASC LIMIT 0, 15[0m
Rendering template within layouts/main
Rendering list
Rendered _list_header (3.4ms)
Rendered _list_column_headings (6.3ms)
Rendered _messages (1.1ms)
Rendered _list (17.1ms)
Completed in 53ms (View: 48, DB: 1) | 200 OK [http://localhost/authors]
  [4;36;1mSQL (0.1ms)[0m   [0;1mSET SQL_AUTO_IS_NULL=0[0m
  [4;35;1mAuthor Columns (1.3ms)[0m   [0mSHOW FIELDS FROM `authors`[0m


Processing AuthorsController#new (for 127.0.0.1 at 2009-08-20 19:55:50) [GET]
  Parameters: {"adapter"=>"_list_inline_adapter"}
Rendered _form_attribute (1.6ms)
Rendered _form (6.2ms)
Rendered _create_form (15.7ms)
Rendered _messages (1.0ms)
Rendered _list_inline_adapter (5.0ms)
Completed in 66ms (View: 7, DB: 0) | 200 OK [http://localhost/authors/new?_method=get&adapter=_list_inline_adapter]
  [4;36;1mSQL (0.1ms)[0m   [0;1mSET SQL_AUTO_IS_NULL=0[0m
  [4;35;1mAuthor Columns (1.3ms)[0m   [0mSHOW FIELDS FROM `authors`[0m


Processing AuthorsController#create (for 127.0.0.1 at 2009-08-20 19:55:54) [POST]
  Parameters: {"commit"=>"Create", "authenticity_token"=>"6tKc2Sgc0+8g9xt4oUgAaYppbpk7TIuPGSVvHK58yRk=", "record"=>{"name"=>"King"}}
  [4;36;1mSQL (0.1ms)[0m   [0;1mBEGIN[0m
  [4;35;1mAuthor Create (0.2ms)[0m   [0mINSERT INTO `authors` (`name`, `updated_at`, `created_at`) VALUES('King', '2009-08-21 00:55:54', '2009-08-21 00:55:54')[0m
  [4;36;1mSQL (4.4ms)[0m   [0;1mCOMMIT[0m
Rendering on_create
Rendered _list_actions (8.5ms)
Rendered _list_record (268.7ms)
Rendered _messages (2.5ms)
Completed in 309ms (View: 299, DB: 6) | 200 OK [http://localhost/authors/create]
  [4;35;1mSQL (0.2ms)[0m   [0mSET SQL_AUTO_IS_NULL=0[0m
  [4;36;1mAuthor Columns (1.3ms)[0m   [0;1mSHOW FIELDS FROM `authors`[0m


Processing AuthorsController#new (for 127.0.0.1 at 2009-08-20 19:55:55) [GET]
  Parameters: {"adapter"=>"_list_inline_adapter"}
Rendered _form_attribute (1.6ms)
Rendered _form (6.3ms)
Rendered _create_form (24.5ms)
Rendered _messages (0.9ms)
Rendered _list_inline_adapter (5.1ms)
Completed in 76ms (View: 8, DB: 0) | 200 OK [http://localhost/authors/new?_method=get&adapter=_list_inline_adapter]
  [4;35;1mSQL (0.2ms)[0m   [0mSET SQL_AUTO_IS_NULL=0[0m
  [4;36;1mAuthor Columns (1.3ms)[0m   [0;1mSHOW FIELDS FROM `authors`[0m


Processing AuthorsController#create (for 127.0.0.1 at 2009-08-20 19:55:59) [POST]
  Parameters: {"commit"=>"Create", "authenticity_token"=>"6tKc2Sgc0+8g9xt4oUgAaYppbpk7TIuPGSVvHK58yRk=", "record"=>{"name"=>"Koontz"}}
  [4;35;1mSQL (0.2ms)[0m   [0mBEGIN[0m
  [4;36;1mAuthor Create (0.4ms)[0m   [0;1mINSERT INTO `authors` (`name`, `updated_at`, `created_at`) VALUES('Koontz', '2009-08-21 00:55:59', '2009-08-21 00:55:59')[0m
  [4;35;1mSQL (1.9ms)[0m   [0mCOMMIT[0m
Rendering on_create
Rendered _list_actions (7.6ms)
Rendered _list_record (27.5ms)
Rendered _messages (2.4ms)
Completed in 96ms (View: 82, DB: 4) | 200 OK [http://localhost/authors/create]
  [4;36;1mSQL (0.1ms)[0m   [0;1mSET SQL_AUTO_IS_NULL=0[0m
  [4;35;1mSQL (0.2ms)[0m   [0mSHOW TABLES[0m
  [4;36;1mSQL (6.3ms)[0m   [0;1mCREATE TABLE `schema_migrations` (`version` varchar(255) NOT NULL) ENGINE=InnoDB[0m
  [4;35;1mSQL (5.1ms)[0m   [0mCREATE UNIQUE INDEX `unique_schema_migrations` ON `schema_migrations` (`version`)[0m
  [4;36;1mSQL (0.2ms)[0m   [0;1mSHOW TABLES[0m
  [4;35;1mSQL (0.2ms)[0m   [0mSELECT version FROM schema_migrations[0m
Migrating to CreateAuthors (20090821004746)
  [4;36;1mSQL (2.9ms)[0m   [0;1mCREATE TABLE `authors` (`id` int(11) DEFAULT NULL auto_increment PRIMARY KEY, `name` varchar(255), `created_at` datetime, `updated_at` datetime) ENGINE=InnoDB[0m
  [4;35;1mAuthor Columns (0.6ms)[0m   [0mSHOW FIELDS FROM `authors`[0m
  [4;36;1mSQL (0.1ms)[0m   [0;1mBEGIN[0m
  [4;35;1mAuthor Create (0.2ms)[0m   [0mINSERT INTO `authors` (`name`, `updated_at`, `created_at`) VALUES('King', '2009-08-21 00:58:07', '2009-08-21 00:58:07')[0m
  [4;36;1mSQL (0.4ms)[0m   [0;1mCOMMIT[0m
  [4;35;1mSQL (0.1ms)[0m   [0mBEGIN[0m
  [4;36;1mAuthor Create (0.1ms)[0m   [0;1mINSERT INTO `authors` (`name`, `updated_at`, `created_at`) VALUES('Koontz', '2009-08-21 00:58:07', '2009-08-21 00:58:07')[0m
  [4;35;1mSQL (0.8ms)[0m   [0mCOMMIT[0m
  [4;36;1mSQL (1.6ms)[0m   [0;1mINSERT INTO schema_migrations (version) VALUES ('20090821004746')[0m
Migrating to CreateBooks (20090821004805)
  [4;35;1mSQL (2.9ms)[0m   [0mCREATE TABLE `books` (`id` int(11) DEFAULT NULL auto_increment PRIMARY KEY, `name` varchar(255), `author_id` int(11), `created_at` datetime, `updated_at` datetime) ENGINE=InnoDB[0m
  [4;36;1mAuthor Load (0.3ms)[0m   [0;1mSELECT * FROM `authors` ORDER BY authors.id DESC LIMIT 1[0m
  [4;35;1mBook Columns (0.7ms)[0m   [0mSHOW FIELDS FROM `books`[0m
  [4;36;1mSQL (0.1ms)[0m   [0;1mBEGIN[0m
  [4;35;1mBook Create (0.3ms)[0m   [0mINSERT INTO `books` (`name`, `updated_at`, `author_id`, `created_at`) VALUES('Fear Nothing', '2009-08-21 00:58:07', 2, '2009-08-21 00:58:07')[0m
  [4;36;1mSQL (0.3ms)[0m   [0;1mCOMMIT[0m
  [4;35;1mAuthor Load (0.1ms)[0m   [0mSELECT * FROM `authors` ORDER BY authors.id DESC LIMIT 1[0m
  [4;36;1mSQL (0.0ms)[0m   [0;1mBEGIN[0m
  [4;35;1mBook Create (0.1ms)[0m   [0mINSERT INTO `books` (`name`, `updated_at`, `author_id`, `created_at`) VALUES('Twilight Eyes', '2009-08-21 00:58:07', 2, '2009-08-21 00:58:07')[0m
  [4;36;1mSQL (0.3ms)[0m   [0;1mCOMMIT[0m
  [4;35;1mAuthor Load (0.1ms)[0m   [0mSELECT * FROM `authors` ORDER BY authors.id DESC LIMIT 1[0m
  [4;36;1mSQL (0.0ms)[0m   [0;1mBEGIN[0m
  [4;35;1mBook Create (0.2ms)[0m   [0mINSERT INTO `books` (`name`, `updated_at`, `author_id`, `created_at`) VALUES('Sieze the night', '2009-08-21 00:58:07', 2, '2009-08-21 00:58:07')[0m
  [4;36;1mSQL (0.3ms)[0m   [0;1mCOMMIT[0m
  [4;35;1mAuthor Load (0.2ms)[0m   [0mSELECT * FROM `authors` LIMIT 1[0m
  [4;36;1mSQL (0.0ms)[0m   [0;1mBEGIN[0m
  [4;35;1mBook Create (0.2ms)[0m   [0mINSERT INTO `books` (`name`, `updated_at`, `author_id`, `created_at`) VALUES('Cujo', '2009-08-21 00:58:07', 1, '2009-08-21 00:58:07')[0m
  [4;36;1mSQL (0.4ms)[0m   [0;1mCOMMIT[0m
  [4;35;1mAuthor Load (0.1ms)[0m   [0mSELECT * FROM `authors` LIMIT 1[0m
  [4;36;1mSQL (0.1ms)[0m   [0;1mBEGIN[0m
  [4;35;1mBook Create (0.2ms)[0m   [0mINSERT INTO `books` (`name`, `updated_at`, `author_id`, `created_at`) VALUES('Cujo 2', '2009-08-21 00:58:07', 1, '2009-08-21 00:58:07')[0m
  [4;36;1mSQL (9.1ms)[0m   [0;1mCOMMIT[0m
  [4;35;1mAuthor Load (0.1ms)[0m   [0mSELECT * FROM `authors` LIMIT 1[0m
  [4;36;1mSQL (0.1ms)[0m   [0;1mBEGIN[0m
  [4;35;1mBook Create (0.1ms)[0m   [0mINSERT INTO `books` (`name`, `updated_at`, `author_id`, `created_at`) VALUES('Some Other Book', '2009-08-21 00:58:07', 1, '2009-08-21 00:58:07')[0m
  [4;36;1mSQL (0.4ms)[0m   [0;1mCOMMIT[0m
  [4;35;1mSQL (0.6ms)[0m   [0mINSERT INTO schema_migrations (version) VALUES ('20090821004805')[0m
Migrating to CreateUsers (20090821004822)
  [4;36;1mSQL (3.1ms)[0m   [0;1mCREATE TABLE `users` (`id` int(11) DEFAULT NULL auto_increment PRIMARY KEY, `name` varchar(255), `author_id` int(11), `book_id` int(11), `created_at` datetime, `updated_at` datetime) ENGINE=InnoDB[0m
  [4;35;1mSQL (0.4ms)[0m   [0mINSERT INTO schema_migrations (version) VALUES ('20090821004822')[0m
  [4;36;1mSQL (0.3ms)[0m   [0;1mSHOW TABLES[0m
  [4;35;1mSQL (0.2ms)[0m   [0mSELECT version FROM schema_migrations[0m
  [4;36;1mSQL (0.1ms)[0m   [0;1mSHOW TABLES[0m
  [4;35;1mSQL (0.6ms)[0m   [0mSHOW FIELDS FROM `authors`[0m
  [4;36;1mSQL (0.5ms)[0m   [0;1mdescribe `authors`[0m
  [4;35;1mSQL (0.2ms)[0m   [0mSHOW KEYS FROM `authors`[0m
  [4;36;1mSQL (0.5ms)[0m   [0;1mSHOW FIELDS FROM `books`[0m
  [4;35;1mSQL (0.5ms)[0m   [0mdescribe `books`[0m
  [4;36;1mSQL (0.2ms)[0m   [0;1mSHOW KEYS FROM `books`[0m
  [4;35;1mSQL (0.5ms)[0m   [0mSHOW FIELDS FROM `users`[0m
  [4;36;1mSQL (0.5ms)[0m   [0;1mdescribe `users`[0m
  [4;35;1mSQL (0.2ms)[0m   [0mSHOW KEYS FROM `users`[0m
  [4;36;1mSQL (0.1ms)[0m   [0;1mSET SQL_AUTO_IS_NULL=0[0m
  [4;35;1mAuthor Columns (0.6ms)[0m   [0mSHOW FIELDS FROM `authors`[0m


Processing AuthorsController#index (for 127.0.0.1 at 2009-08-20 19:58:15) [GET]
  [4;36;1mSQL (0.3ms)[0m   [0;1mSELECT count(*) AS count_all FROM `authors` [0m
  [4;35;1mAuthor Load (0.3ms)[0m   [0mSELECT `authors`.* FROM `authors` ORDER BY authors.`id` ASC LIMIT 0, 15[0m
Rendering template within layouts/main
Rendering list
Rendered _list_header (13.3ms)
Rendered _list_column_headings (5.8ms)
Rendered _messages (0.9ms)
Rendered _list_actions (3.3ms)
Rendered _list_record (68.7ms)
Rendered _list_actions (1.8ms)
Rendered _list_record (4.5ms)
Rendered _list (90.7ms)
Completed in 142ms (View: 131, DB: 1) | 200 OK [http://localhost/authors]
  [4;36;1mSQL (0.2ms)[0m   [0;1mSET SQL_AUTO_IS_NULL=0[0m


Processing ApplicationController#index (for 127.0.0.1 at 2009-08-20 19:58:21) [GET]

ActionController::RoutingError (No route matches "/uesrs" with {:method=>:get}):
  

Rendering rescues/layout (not_found)
  [4;35;1mSQL (0.2ms)[0m   [0mSET SQL_AUTO_IS_NULL=0[0m
  [4;36;1mUser Columns (1.5ms)[0m   [0;1mSHOW FIELDS FROM `users`[0m
  [4;35;1mAuthor Columns (1.2ms)[0m   [0mSHOW FIELDS FROM `authors`[0m
  [4;36;1mBook Columns (0.7ms)[0m   [0;1mSHOW FIELDS FROM `books`[0m


Processing UsersController#index (for 127.0.0.1 at 2009-08-20 19:58:24) [GET]
  [4;35;1mSQL (0.3ms)[0m   [0mSELECT count(DISTINCT `users`.id) AS count_all FROM `users` LEFT OUTER JOIN `authors` ON `authors`.id = `users`.author_id LEFT OUTER JOIN `books` ON `books`.id = `users`.book_id [0m
  [4;36;1mUser Load (0.2ms)[0m   [0;1mSELECT `users`.* FROM `users` ORDER BY users.`id` ASC LIMIT 0, 15[0m
  [4;35;1mCACHE (0.0ms)[0m   [0mSELECT `users`.* FROM `users` ORDER BY users.`id` ASC LIMIT 0, 15[0m
Rendering template within layouts/main
Rendering list
Rendered _list_header (3.2ms)
Rendered _list_column_headings (8.1ms)
Rendered _messages (0.9ms)
Rendered _list (17.9ms)
Completed in 48ms (View: 42, DB: 4) | 200 OK [http://localhost/users]
  [4;36;1mSQL (0.1ms)[0m   [0;1mSET SQL_AUTO_IS_NULL=0[0m
  [4;35;1mUser Columns (1.4ms)[0m   [0mSHOW FIELDS FROM `users`[0m
  [4;36;1mAuthor Columns (1.1ms)[0m   [0;1mSHOW FIELDS FROM `authors`[0m
  [4;35;1mBook Columns (0.5ms)[0m   [0mSHOW FIELDS FROM `books`[0m


Processing UsersController#new (for 127.0.0.1 at 2009-08-20 19:58:26) [GET]
  Parameters: {"adapter"=>"_list_inline_adapter"}
  [4;36;1mAuthor Load (0.3ms)[0m   [0;1mSELECT * FROM `authors` [0m
Rendered _form_attribute (2.9ms)
  [4;35;1mBook Load (0.2ms)[0m   [0mSELECT * FROM `books` WHERE ((`books`.`author_id` IS NULL)) [0m
Rendered _form_attribute (1.5ms)
Rendered _form_attribute (0.7ms)
Rendered _form (11.2ms)
Rendered _create_form (19.1ms)
Rendered _messages (1.0ms)
Rendered _list_inline_adapter (5.6ms)
Completed in 39ms (View: 8, DB: 0) | 200 OK [http://localhost/users/new?_method=get&adapter=_list_inline_adapter]
  [4;36;1mSQL (0.1ms)[0m   [0;1mSET SQL_AUTO_IS_NULL=0[0m
  [4;35;1mUser Columns (0.7ms)[0m   [0mSHOW FIELDS FROM `users`[0m
  [4;36;1mAuthor Columns (0.5ms)[0m   [0;1mSHOW FIELDS FROM `authors`[0m
  [4;35;1mBook Columns (0.6ms)[0m   [0mSHOW FIELDS FROM `books`[0m


Processing UsersController#render_field (for 127.0.0.1 at 2009-08-20 19:58:29) [GET]
  Parameters: {"column"=>"author", "value"=>"1"}
  [4;36;1mAuthor Load (0.3ms)[0m   [0;1mSELECT * FROM `authors` WHERE (`authors`.`id` = 1) [0m
Rendering render_field
  [4;35;1mBook Load (0.3ms)[0m   [0mSELECT * FROM `books` WHERE ((`books`.`author_id` = 1)) [0m
Rendered _form_attribute (3.3ms)
Completed in 25ms (View: 15, DB: 3) | 200 OK [http://localhost/users/render_field?column=author&value=1]
